2025-10-07 18:58:20,602 - [RESULT] - RRE Results:
2025-10-07 18:58:20,607 - [RESULT] -    dataset          nmf_method    p    r  rre_mean   rre_std
0      ORL         L2_norm_NMF  0.2  0.1  0.270295  0.000517
1      ORL  L21_norm_based_NMF  0.2  0.1  0.269087  0.000582
2    YaleB         L2_norm_NMF  0.2  0.1  0.257389  0.000547
3    YaleB  L21_norm_based_NMF  0.2  0.1  0.256240  0.000320
4      ORL         L2_norm_NMF  0.2  0.4  0.248753  0.000753
5      ORL  L21_norm_based_NMF  0.2  0.4  0.248951  0.000938
6    YaleB         L2_norm_NMF  0.2  0.4  0.261670  0.000199
7    YaleB  L21_norm_based_NMF  0.2  0.4  0.261725  0.000645
8      ORL         L2_norm_NMF  0.2  0.7  0.281011  0.000697
9      ORL  L21_norm_based_NMF  0.2  0.7  0.280894  0.000928
10   YaleB         L2_norm_NMF  0.2  0.7  0.355032  0.000568
11   YaleB  L21_norm_based_NMF  0.2  0.7  0.354162  0.000653
12     ORL         L2_norm_NMF  0.4  0.1  0.414936  0.000245
13     ORL  L21_norm_based_NMF  0.4  0.1  0.414607  0.000931
14   YaleB         L2_norm_NMF  0.4  0.1  0.394050  0.000305
15   YaleB  L21_norm_based_NMF  0.4  0.1  0.392321  0.000620
16     ORL         L2_norm_NMF  0.4  0.4  0.347132  0.000819
17     ORL  L21_norm_based_NMF  0.4  0.4  0.344625  0.002822
18   YaleB         L2_norm_NMF  0.4  0.4  0.405109  0.000638
19   YaleB  L21_norm_based_NMF  0.4  0.4  0.404892  0.000726
20     ORL         L2_norm_NMF  0.4  0.7  0.421825  0.001625
21     ORL  L21_norm_based_NMF  0.4  0.7  0.420183  0.002430
22   YaleB         L2_norm_NMF  0.4  0.7  0.616722  0.001437
23   YaleB  L21_norm_based_NMF  0.4  0.7  0.615216  0.001507
24     ORL         L2_norm_NMF  0.6  0.1  0.556032  0.000637
25     ORL  L21_norm_based_NMF  0.6  0.1  0.554477  0.006578
26   YaleB         L2_norm_NMF  0.6  0.1  0.545179  0.000218
27   YaleB  L21_norm_based_NMF  0.6  0.1  0.544295  0.000264
28     ORL         L2_norm_NMF  0.6  0.4  0.427719  0.001062
29     ORL  L21_norm_based_NMF  0.6  0.4  0.410944  0.007375
30   YaleB         L2_norm_NMF  0.6  0.4  0.551301  0.000974
31   YaleB  L21_norm_based_NMF  0.6  0.4  0.551347  0.001026
32     ORL         L2_norm_NMF  0.6  0.7  0.546857  0.001721
33     ORL  L21_norm_based_NMF  0.6  0.7  0.546262  0.001395
34   YaleB         L2_norm_NMF  0.6  0.7  0.875648  0.002119
35   YaleB  L21_norm_based_NMF  0.6  0.7  0.875193  0.002010
2025-10-07 18:58:20,647 - [RESULT] - Dataset ORL RRE Summary
2025-10-07 18:58:20,649 - [RESULT] -              pr  L2   L2_mean    L2_std  L21  L21_mean   L21_std
0  p=0.2, r=0.1  L2  0.270295  0.000517  L21  0.269087  0.000582
1  p=0.2, r=0.4  L2  0.248753  0.000753  L21  0.248951  0.000938
2  p=0.2, r=0.7  L2  0.281011  0.000697  L21  0.280894  0.000928
3  p=0.4, r=0.1  L2  0.414936  0.000245  L21  0.414607  0.000931
4  p=0.4, r=0.4  L2  0.347132  0.000819  L21  0.344625  0.002822
5  p=0.4, r=0.7  L2  0.421825  0.001625  L21  0.420183  0.002430
6  p=0.6, r=0.1  L2  0.556032  0.000637  L21  0.554477  0.006578
7  p=0.6, r=0.4  L2  0.427719  0.001062  L21  0.410944  0.007375
8  p=0.6, r=0.7  L2  0.546857  0.001721  L21  0.546262  0.001395
2025-10-07 18:58:20,708 - [RESULT] - Dataset YaleB RRE Summary
2025-10-07 18:58:20,710 - [RESULT] -              pr  L2   L2_mean    L2_std  L21  L21_mean   L21_std
0  p=0.2, r=0.1  L2  0.257389  0.000547  L21  0.256240  0.000320
1  p=0.2, r=0.4  L2  0.261670  0.000199  L21  0.261725  0.000645
2  p=0.2, r=0.7  L2  0.355032  0.000568  L21  0.354162  0.000653
3  p=0.4, r=0.1  L2  0.394050  0.000305  L21  0.392321  0.000620
4  p=0.4, r=0.4  L2  0.405109  0.000638  L21  0.404892  0.000726
5  p=0.4, r=0.7  L2  0.616722  0.001437  L21  0.615216  0.001507
6  p=0.6, r=0.1  L2  0.545179  0.000218  L21  0.544295  0.000264
7  p=0.6, r=0.4  L2  0.551301  0.000974  L21  0.551347  0.001026
8  p=0.6, r=0.7  L2  0.875648  0.002119  L21  0.875193  0.002010
2025-10-07 18:58:21,040 - [RESULT] - RRE rre_mean for dataset "ORL" using algorithm "L2_norm_NMF":
2025-10-07 18:58:21,049 - [RESULT] - r         0.1       0.4       0.7
p                                
0.2  0.270295  0.248753  0.281011
0.4  0.414936  0.347132  0.421825
0.6  0.556032  0.427719  0.546857
2025-10-07 18:58:21,049 - [RESULT] - RRE rre_mean for dataset "ORL" using algorithm "L21_norm_based_NMF":
2025-10-07 18:58:21,053 - [RESULT] - r         0.1       0.4       0.7
p                                
0.2  0.269087  0.248951  0.280894
0.4  0.414607  0.344625  0.420183
0.6  0.554477  0.410944  0.546262
2025-10-07 18:58:21,053 - [RESULT] - RRE rre_mean for dataset "YaleB" using algorithm "L2_norm_NMF":
2025-10-07 18:58:21,057 - [RESULT] - r         0.1       0.4       0.7
p                                
0.2  0.257389  0.261670  0.355032
0.4  0.394050  0.405109  0.616722
0.6  0.545179  0.551301  0.875648
2025-10-07 18:58:21,057 - [RESULT] - RRE rre_mean for dataset "YaleB" using algorithm "L21_norm_based_NMF":
2025-10-07 18:58:21,060 - [RESULT] - r         0.1       0.4       0.7
p                                
0.2  0.256240  0.261725  0.354162
0.4  0.392321  0.404892  0.615216
0.6  0.544295  0.551347  0.875193
2025-10-07 18:58:21,060 - [RESULT] - RRE rre_std for dataset "ORL" using algorithm "L2_norm_NMF":
2025-10-07 18:58:21,065 - [RESULT] - r         0.1       0.4       0.7
p                                
0.2  0.000517  0.000753  0.000697
0.4  0.000245  0.000819  0.001625
0.6  0.000637  0.001062  0.001721
2025-10-07 18:58:21,065 - [RESULT] - RRE rre_std for dataset "ORL" using algorithm "L21_norm_based_NMF":
2025-10-07 18:58:21,068 - [RESULT] - r         0.1       0.4       0.7
p                                
0.2  0.000582  0.000938  0.000928
0.4  0.000931  0.002822  0.002430
0.6  0.006578  0.007375  0.001395
2025-10-07 18:58:21,068 - [RESULT] - RRE rre_std for dataset "YaleB" using algorithm "L2_norm_NMF":
2025-10-07 18:58:21,072 - [RESULT] - r         0.1       0.4       0.7
p                                
0.2  0.000547  0.000199  0.000568
0.4  0.000305  0.000638  0.001437
0.6  0.000218  0.000974  0.002119
2025-10-07 18:58:21,072 - [RESULT] - RRE rre_std for dataset "YaleB" using algorithm "L21_norm_based_NMF":
2025-10-07 18:58:21,075 - [RESULT] - r         0.1       0.4       0.7
p                                
0.2  0.000320  0.000645  0.000653
0.4  0.000620  0.000726  0.001507
0.6  0.000264  0.001026  0.002010
2025-10-07 18:58:26,269 - [RESULT] - 
Results for ACC and NMI
2025-10-07 18:58:26,274 - [RESULT] -    dataset          nmf_method    p    r  acc_mean   acc_std  nmi_mean  \
1      ORL  L21_norm_based_NMF  0.2  0.1  0.533889  0.009196  0.694755   
5      ORL  L21_norm_based_NMF  0.2  0.4  0.462778  0.028577  0.638062   
9      ORL  L21_norm_based_NMF  0.2  0.7  0.440556  0.019452  0.620242   
13     ORL  L21_norm_based_NMF  0.4  0.1  0.308333  0.017392  0.497793   
17     ORL  L21_norm_based_NMF  0.4  0.4  0.248333  0.009230  0.437632   
21     ORL  L21_norm_based_NMF  0.4  0.7  0.252222  0.012595  0.431450   
25     ORL  L21_norm_based_NMF  0.6  0.1  0.208889  0.008678  0.366084   
29     ORL  L21_norm_based_NMF  0.6  0.4  0.193333  0.008352  0.369256   
33     ORL  L21_norm_based_NMF  0.6  0.7  0.200000  0.008784  0.376916   
0      ORL         L2_norm_NMF  0.2  0.1  0.527778  0.039830  0.690813   
4      ORL         L2_norm_NMF  0.2  0.4  0.480556  0.017830  0.643507   
8      ORL         L2_norm_NMF  0.2  0.7  0.461667  0.018873  0.629385   
12     ORL         L2_norm_NMF  0.4  0.1  0.299444  0.018291  0.492617   
16     ORL         L2_norm_NMF  0.4  0.4  0.249444  0.011574  0.436613   
20     ORL         L2_norm_NMF  0.4  0.7  0.259444  0.009230  0.441624   
24     ORL         L2_norm_NMF  0.6  0.1  0.218889  0.009526  0.398566   
28     ORL         L2_norm_NMF  0.6  0.4  0.195556  0.006236  0.383614   
32     ORL         L2_norm_NMF  0.6  0.7  0.188333  0.002079  0.371728   
3    YaleB  L21_norm_based_NMF  0.2  0.1  0.206538  0.014465  0.291029   
7    YaleB  L21_norm_based_NMF  0.2  0.4  0.207735  0.006546  0.282401   
11   YaleB  L21_norm_based_NMF  0.2  0.7  0.214917  0.005341  0.290274   
15   YaleB  L21_norm_based_NMF  0.4  0.1  0.174954  0.008394  0.228220   
19   YaleB  L21_norm_based_NMF  0.4  0.4  0.149448  0.003034  0.190000   
23   YaleB  L21_norm_based_NMF  0.4  0.7  0.142541  0.001663  0.171786   
27   YaleB  L21_norm_based_NMF  0.6  0.1  0.103591  0.003345  0.116367   
31   YaleB  L21_norm_based_NMF  0.6  0.4  0.090700  0.003396  0.090926   
35   YaleB  L21_norm_based_NMF  0.6  0.7  0.090055  0.003048  0.090465   
2    YaleB         L2_norm_NMF  0.2  0.1  0.224217  0.011917  0.307366   
6    YaleB         L2_norm_NMF  0.2  0.4  0.207643  0.011157  0.288455   
10   YaleB         L2_norm_NMF  0.2  0.7  0.197145  0.010677  0.284925   
14   YaleB         L2_norm_NMF  0.4  0.1  0.174770  0.012015  0.230837   
18   YaleB         L2_norm_NMF  0.4  0.4  0.147422  0.004487  0.187951   
22   YaleB         L2_norm_NMF  0.4  0.7  0.139411  0.009057  0.172081   
26   YaleB         L2_norm_NMF  0.6  0.1  0.099171  0.004412  0.109132   
30   YaleB         L2_norm_NMF  0.6  0.4  0.090424  0.002582  0.092143   
34   YaleB         L2_norm_NMF  0.6  0.7  0.090331  0.001983  0.093060   

     nmi_std  
1   0.007602  
5   0.028897  
9   0.013712  
13  0.012006  
17  0.014093  
21  0.020534  
25  0.012294  
29  0.007453  
33  0.016814  
0   0.030305  
4   0.010367  
8   0.014422  
12  0.015867  
16  0.017451  
20  0.015249  
24  0.009481  
28  0.008029  
32  0.012863  
3   0.012011  
7   0.006273  
11  0.013864  
15  0.005269  
19  0.006190  
23  0.012068  
27  0.007354  
31  0.002713  
35  0.003612  
2   0.012012  
6   0.009477  
10  0.009236  
14  0.013544  
18  0.008512  
22  0.009829  
26  0.006811  
30  0.006386  
34  0.003135  
2025-10-07 18:58:26,299 - [RESULT] - 
Dataset ORL ACC Summary
2025-10-07 18:58:26,301 - [RESULT] -              pr  L2   L2_mean    L2_std  L21  L21_mean   L21_std
0  p=0.2, r=0.1  L2  0.527778  0.039830  L21  0.533889  0.009196
1  p=0.2, r=0.4  L2  0.480556  0.017830  L21  0.462778  0.028577
2  p=0.2, r=0.7  L2  0.461667  0.018873  L21  0.440556  0.019452
3  p=0.4, r=0.1  L2  0.299444  0.018291  L21  0.308333  0.017392
4  p=0.4, r=0.4  L2  0.249444  0.011574  L21  0.248333  0.009230
5  p=0.4, r=0.7  L2  0.259444  0.009230  L21  0.252222  0.012595
6  p=0.6, r=0.1  L2  0.218889  0.009526  L21  0.208889  0.008678
7  p=0.6, r=0.4  L2  0.195556  0.006236  L21  0.193333  0.008352
8  p=0.6, r=0.7  L2  0.188333  0.002079  L21  0.200000  0.008784
2025-10-07 18:58:26,312 - [RESULT] - 
Dataset ORL NMI Summary
2025-10-07 18:58:26,315 - [RESULT] -              pr  L2   L2_mean    L2_std  L21  L21_mean   L21_std
0  p=0.2, r=0.1  L2  0.690813  0.030305  L21  0.694755  0.007602
1  p=0.2, r=0.4  L2  0.643507  0.010367  L21  0.638062  0.028897
2  p=0.2, r=0.7  L2  0.629385  0.014422  L21  0.620242  0.013712
3  p=0.4, r=0.1  L2  0.492617  0.015867  L21  0.497793  0.012006
4  p=0.4, r=0.4  L2  0.436613  0.017451  L21  0.437632  0.014093
5  p=0.4, r=0.7  L2  0.441624  0.015249  L21  0.431450  0.020534
6  p=0.6, r=0.1  L2  0.398566  0.009481  L21  0.366084  0.012294
7  p=0.6, r=0.4  L2  0.383614  0.008029  L21  0.369256  0.007453
8  p=0.6, r=0.7  L2  0.371728  0.012863  L21  0.376916  0.016814
2025-10-07 18:58:26,326 - [RESULT] - 
Dataset YaleB ACC Summary
2025-10-07 18:58:26,328 - [RESULT] -              pr  L2   L2_mean    L2_std  L21  L21_mean   L21_std
0  p=0.2, r=0.1  L2  0.224217  0.011917  L21  0.206538  0.014465
1  p=0.2, r=0.4  L2  0.207643  0.011157  L21  0.207735  0.006546
2  p=0.2, r=0.7  L2  0.197145  0.010677  L21  0.214917  0.005341
3  p=0.4, r=0.1  L2  0.174770  0.012015  L21  0.174954  0.008394
4  p=0.4, r=0.4  L2  0.147422  0.004487  L21  0.149448  0.003034
5  p=0.4, r=0.7  L2  0.139411  0.009057  L21  0.142541  0.001663
6  p=0.6, r=0.1  L2  0.099171  0.004412  L21  0.103591  0.003345
7  p=0.6, r=0.4  L2  0.090424  0.002582  L21  0.090700  0.003396
8  p=0.6, r=0.7  L2  0.090331  0.001983  L21  0.090055  0.003048
2025-10-07 18:58:26,337 - [RESULT] - 
Dataset YaleB NMI Summary
2025-10-07 18:58:26,339 - [RESULT] -              pr  L2   L2_mean    L2_std  L21  L21_mean   L21_std
0  p=0.2, r=0.1  L2  0.307366  0.012012  L21  0.291029  0.012011
1  p=0.2, r=0.4  L2  0.288455  0.009477  L21  0.282401  0.006273
2  p=0.2, r=0.7  L2  0.284925  0.009236  L21  0.290274  0.013864
3  p=0.4, r=0.1  L2  0.230837  0.013544  L21  0.228220  0.005269
4  p=0.4, r=0.4  L2  0.187951  0.008512  L21  0.190000  0.006190
5  p=0.4, r=0.7  L2  0.172081  0.009829  L21  0.171786  0.012068
6  p=0.6, r=0.1  L2  0.109132  0.006811  L21  0.116367  0.007354
7  p=0.6, r=0.4  L2  0.092143  0.006386  L21  0.090926  0.002713
8  p=0.6, r=0.7  L2  0.093060  0.003135  L21  0.090465  0.003612
2025-10-07 18:58:27,000 - [RESULT] - acc_mean for dataset "ORL" using algorithm "L2_norm_NMF":
2025-10-07 18:58:27,006 - [RESULT] - r         0.1       0.4       0.7
p                                
0.2  0.527778  0.480556  0.461667
0.4  0.299444  0.249444  0.259444
0.6  0.218889  0.195556  0.188333
2025-10-07 18:58:27,007 - [RESULT] - acc_mean for dataset "ORL" using algorithm "L21_norm_based_NMF":
2025-10-07 18:58:27,010 - [RESULT] - r         0.1       0.4       0.7
p                                
0.2  0.533889  0.462778  0.440556
0.4  0.308333  0.248333  0.252222
0.6  0.208889  0.193333  0.200000
2025-10-07 18:58:27,011 - [RESULT] - acc_mean for dataset "YaleB" using algorithm "L2_norm_NMF":
2025-10-07 18:58:27,014 - [RESULT] - r         0.1       0.4       0.7
p                                
0.2  0.224217  0.207643  0.197145
0.4  0.174770  0.147422  0.139411
0.6  0.099171  0.090424  0.090331
2025-10-07 18:58:27,014 - [RESULT] - acc_mean for dataset "YaleB" using algorithm "L21_norm_based_NMF":
2025-10-07 18:58:27,018 - [RESULT] - r         0.1       0.4       0.7
p                                
0.2  0.206538  0.207735  0.214917
0.4  0.174954  0.149448  0.142541
0.6  0.103591  0.090700  0.090055
2025-10-07 18:58:27,018 - [RESULT] - acc_std for dataset "ORL" using algorithm "L2_norm_NMF":
2025-10-07 18:58:27,023 - [RESULT] - r         0.1       0.4       0.7
p                                
0.2  0.039830  0.017830  0.018873
0.4  0.018291  0.011574  0.009230
0.6  0.009526  0.006236  0.002079
2025-10-07 18:58:27,023 - [RESULT] - acc_std for dataset "ORL" using algorithm "L21_norm_based_NMF":
2025-10-07 18:58:27,026 - [RESULT] - r         0.1       0.4       0.7
p                                
0.2  0.009196  0.028577  0.019452
0.4  0.017392  0.009230  0.012595
0.6  0.008678  0.008352  0.008784
2025-10-07 18:58:27,026 - [RESULT] - acc_std for dataset "YaleB" using algorithm "L2_norm_NMF":
2025-10-07 18:58:27,030 - [RESULT] - r         0.1       0.4       0.7
p                                
0.2  0.011917  0.011157  0.010677
0.4  0.012015  0.004487  0.009057
0.6  0.004412  0.002582  0.001983
2025-10-07 18:58:27,030 - [RESULT] - acc_std for dataset "YaleB" using algorithm "L21_norm_based_NMF":
2025-10-07 18:58:27,034 - [RESULT] - r         0.1       0.4       0.7
p                                
0.2  0.014465  0.006546  0.005341
0.4  0.008394  0.003034  0.001663
0.6  0.003345  0.003396  0.003048
2025-10-07 18:58:27,034 - [RESULT] - nmi_mean for dataset "ORL" using algorithm "L2_norm_NMF":
2025-10-07 18:58:27,037 - [RESULT] - r         0.1       0.4       0.7
p                                
0.2  0.690813  0.643507  0.629385
0.4  0.492617  0.436613  0.441624
0.6  0.398566  0.383614  0.371728
2025-10-07 18:58:27,037 - [RESULT] - nmi_mean for dataset "ORL" using algorithm "L21_norm_based_NMF":
2025-10-07 18:58:27,041 - [RESULT] - r         0.1       0.4       0.7
p                                
0.2  0.694755  0.638062  0.620242
0.4  0.497793  0.437632  0.431450
0.6  0.366084  0.369256  0.376916
2025-10-07 18:58:27,041 - [RESULT] - nmi_mean for dataset "YaleB" using algorithm "L2_norm_NMF":
2025-10-07 18:58:27,044 - [RESULT] - r         0.1       0.4       0.7
p                                
0.2  0.307366  0.288455  0.284925
0.4  0.230837  0.187951  0.172081
0.6  0.109132  0.092143  0.093060
2025-10-07 18:58:27,044 - [RESULT] - nmi_mean for dataset "YaleB" using algorithm "L21_norm_based_NMF":
2025-10-07 18:58:27,048 - [RESULT] - r         0.1       0.4       0.7
p                                
0.2  0.291029  0.282401  0.290274
0.4  0.228220  0.190000  0.171786
0.6  0.116367  0.090926  0.090465
2025-10-07 18:58:27,048 - [RESULT] - nmi_std for dataset "ORL" using algorithm "L2_norm_NMF":
2025-10-07 18:58:27,051 - [RESULT] - r         0.1       0.4       0.7
p                                
0.2  0.030305  0.010367  0.014422
0.4  0.015867  0.017451  0.015249
0.6  0.009481  0.008029  0.012863
2025-10-07 18:58:27,051 - [RESULT] - nmi_std for dataset "ORL" using algorithm "L21_norm_based_NMF":
2025-10-07 18:58:27,054 - [RESULT] - r         0.1       0.4       0.7
p                                
0.2  0.007602  0.028897  0.013712
0.4  0.012006  0.014093  0.020534
0.6  0.012294  0.007453  0.016814
2025-10-07 18:58:27,054 - [RESULT] - nmi_std for dataset "YaleB" using algorithm "L2_norm_NMF":
2025-10-07 18:58:27,058 - [RESULT] - r         0.1       0.4       0.7
p                                
0.2  0.012012  0.009477  0.009236
0.4  0.013544  0.008512  0.009829
0.6  0.006811  0.006386  0.003135
2025-10-07 18:58:27,058 - [RESULT] - nmi_std for dataset "YaleB" using algorithm "L21_norm_based_NMF":
2025-10-07 18:58:27,061 - [RESULT] - r         0.1       0.4       0.7
p                                
0.2  0.012011  0.006273  0.013864
0.4  0.005269  0.006190  0.012068
0.6  0.007354  0.002713  0.003612
