2025-10-07 00:29:56,729 - [RESULT] - RRE Results:
2025-10-07 00:29:56,734 - [RESULT] -    dataset          nmf_method    p    r  rre_mean   rre_std
0      ORL         L2_norm_NMF  0.2  0.1  0.324517  0.000599
1      ORL  L21_norm_based_NMF  0.2  0.1  0.324328  0.000609
2    YaleB         L2_norm_NMF  0.2  0.1  0.543642  0.000935
3    YaleB  L21_norm_based_NMF  0.2  0.1  0.543753  0.000940
4      ORL         L2_norm_NMF  0.2  0.4  0.292409  0.000620
5      ORL  L21_norm_based_NMF  0.2  0.4  0.292318  0.000645
6    YaleB         L2_norm_NMF  0.2  0.4  0.540292  0.000987
7    YaleB  L21_norm_based_NMF  0.2  0.4  0.540174  0.000998
8      ORL         L2_norm_NMF  0.2  0.7  0.310911  0.000507
9      ORL  L21_norm_based_NMF  0.2  0.7  0.310949  0.000537
10   YaleB         L2_norm_NMF  0.2  0.7  0.584616  0.001137
11   YaleB  L21_norm_based_NMF  0.2  0.7  0.584130  0.001153
12     ORL         L2_norm_NMF  0.4  0.1  0.418424  0.000442
13     ORL  L21_norm_based_NMF  0.4  0.1  0.418138  0.000459
14   YaleB         L2_norm_NMF  0.4  0.1  0.584984  0.000669
15   YaleB  L21_norm_based_NMF  0.4  0.1  0.585139  0.000673
16     ORL         L2_norm_NMF  0.4  0.4  0.309601  0.000584
17     ORL  L21_norm_based_NMF  0.4  0.4  0.309477  0.000618
18   YaleB         L2_norm_NMF  0.4  0.4  0.572458  0.000969
19   YaleB  L21_norm_based_NMF  0.4  0.4  0.572315  0.000977
20     ORL         L2_norm_NMF  0.4  0.7  0.376254  0.000993
21     ORL  L21_norm_based_NMF  0.4  0.7  0.376341  0.001047
22   YaleB         L2_norm_NMF  0.4  0.7  0.725151  0.001525
23   YaleB  L21_norm_based_NMF  0.4  0.7  0.724612  0.001533
24     ORL         L2_norm_NMF  0.6  0.1  0.537939  0.000564
25     ORL  L21_norm_based_NMF  0.6  0.1  0.537536  0.000552
26   YaleB         L2_norm_NMF  0.6  0.1  0.648670  0.000446
27   YaleB  L21_norm_based_NMF  0.6  0.1  0.648860  0.000444
28     ORL         L2_norm_NMF  0.6  0.4  0.336058  0.000474
29     ORL  L21_norm_based_NMF  0.6  0.4  0.335883  0.000522
30   YaleB         L2_norm_NMF  0.6  0.4  0.621847  0.001035
31   YaleB  L21_norm_based_NMF  0.6  0.4  0.621766  0.001046
32     ORL         L2_norm_NMF  0.6  0.7  0.463696  0.001401
33     ORL  L21_norm_based_NMF  0.6  0.7  0.463822  0.001431
34   YaleB         L2_norm_NMF  0.6  0.7  0.911846  0.002028
35   YaleB  L21_norm_based_NMF  0.6  0.7  0.911566  0.002040
2025-10-07 00:29:56,753 - [RESULT] - Dataset ORL RRE Summary
2025-10-07 00:29:56,755 - [RESULT] -              pr  L2   L2_mean    L2_std  L21  L21_mean   L21_std
0  p=0.2, r=0.1  L2  0.324517  0.000599  L21  0.324328  0.000609
1  p=0.2, r=0.4  L2  0.292409  0.000620  L21  0.292318  0.000645
2  p=0.2, r=0.7  L2  0.310911  0.000507  L21  0.310949  0.000537
3  p=0.4, r=0.1  L2  0.418424  0.000442  L21  0.418138  0.000459
4  p=0.4, r=0.4  L2  0.309601  0.000584  L21  0.309477  0.000618
5  p=0.4, r=0.7  L2  0.376254  0.000993  L21  0.376341  0.001047
6  p=0.6, r=0.1  L2  0.537939  0.000564  L21  0.537536  0.000552
7  p=0.6, r=0.4  L2  0.336058  0.000474  L21  0.335883  0.000522
8  p=0.6, r=0.7  L2  0.463696  0.001401  L21  0.463822  0.001431
2025-10-07 00:29:56,782 - [RESULT] - Dataset YaleB RRE Summary
2025-10-07 00:29:56,784 - [RESULT] -              pr  L2   L2_mean    L2_std  L21  L21_mean   L21_std
0  p=0.2, r=0.1  L2  0.543642  0.000935  L21  0.543753  0.000940
1  p=0.2, r=0.4  L2  0.540292  0.000987  L21  0.540174  0.000998
2  p=0.2, r=0.7  L2  0.584616  0.001137  L21  0.584130  0.001153
3  p=0.4, r=0.1  L2  0.584984  0.000669  L21  0.585139  0.000673
4  p=0.4, r=0.4  L2  0.572458  0.000969  L21  0.572315  0.000977
5  p=0.4, r=0.7  L2  0.725151  0.001525  L21  0.724612  0.001533
6  p=0.6, r=0.1  L2  0.648670  0.000446  L21  0.648860  0.000444
7  p=0.6, r=0.4  L2  0.621847  0.001035  L21  0.621766  0.001046
8  p=0.6, r=0.7  L2  0.911846  0.002028  L21  0.911566  0.002040
2025-10-07 00:29:56,987 - [RESULT] - RRE rre_mean for dataset "ORL" using algorithm "L2_norm_NMF":
2025-10-07 00:29:56,988 - [RESULT] - r         0.1       0.4       0.7
p                                
0.2  0.324517  0.292409  0.310911
0.4  0.418424  0.309601  0.376254
0.6  0.537939  0.336058  0.463696
2025-10-07 00:29:56,988 - [RESULT] - RRE rre_mean for dataset "ORL" using algorithm "L21_norm_based_NMF":
2025-10-07 00:29:56,990 - [RESULT] - r         0.1       0.4       0.7
p                                
0.2  0.324328  0.292318  0.310949
0.4  0.418138  0.309477  0.376341
0.6  0.537536  0.335883  0.463822
2025-10-07 00:29:56,990 - [RESULT] - RRE rre_mean for dataset "YaleB" using algorithm "L2_norm_NMF":
2025-10-07 00:29:56,991 - [RESULT] - r         0.1       0.4       0.7
p                                
0.2  0.543642  0.540292  0.584616
0.4  0.584984  0.572458  0.725151
0.6  0.648670  0.621847  0.911846
2025-10-07 00:29:56,991 - [RESULT] - RRE rre_mean for dataset "YaleB" using algorithm "L21_norm_based_NMF":
2025-10-07 00:29:56,993 - [RESULT] - r         0.1       0.4       0.7
p                                
0.2  0.543753  0.540174  0.584130
0.4  0.585139  0.572315  0.724612
0.6  0.648860  0.621766  0.911566
2025-10-07 00:29:56,993 - [RESULT] - RRE rre_std for dataset "ORL" using algorithm "L2_norm_NMF":
2025-10-07 00:29:56,994 - [RESULT] - r         0.1       0.4       0.7
p                                
0.2  0.000599  0.000620  0.000507
0.4  0.000442  0.000584  0.000993
0.6  0.000564  0.000474  0.001401
2025-10-07 00:29:56,994 - [RESULT] - RRE rre_std for dataset "ORL" using algorithm "L21_norm_based_NMF":
2025-10-07 00:29:56,995 - [RESULT] - r         0.1       0.4       0.7
p                                
0.2  0.000609  0.000645  0.000537
0.4  0.000459  0.000618  0.001047
0.6  0.000552  0.000522  0.001431
2025-10-07 00:29:56,995 - [RESULT] - RRE rre_std for dataset "YaleB" using algorithm "L2_norm_NMF":
2025-10-07 00:29:56,996 - [RESULT] - r         0.1       0.4       0.7
p                                
0.2  0.000935  0.000987  0.001137
0.4  0.000669  0.000969  0.001525
0.6  0.000446  0.001035  0.002028
2025-10-07 00:29:56,996 - [RESULT] - RRE rre_std for dataset "YaleB" using algorithm "L21_norm_based_NMF":
2025-10-07 00:29:56,997 - [RESULT] - r         0.1       0.4       0.7
p                                
0.2  0.000940  0.000998  0.001153
0.4  0.000673  0.000977  0.001533
0.6  0.000444  0.001046  0.002040
2025-10-07 00:29:58,361 - [RESULT] - 
Results for ACC and NMI
2025-10-07 00:29:58,363 - [RESULT] -    dataset          nmf_method    p    r  acc_mean   acc_std  nmi_mean  \
1      ORL  L21_norm_based_NMF  0.2  0.1  0.193333  0.008352  0.375511   
5      ORL  L21_norm_based_NMF  0.2  0.4  0.188333  0.010000  0.364057   
9      ORL  L21_norm_based_NMF  0.2  0.7  0.180000  0.003685  0.350706   
13     ORL  L21_norm_based_NMF  0.4  0.1  0.188333  0.007328  0.368670   
17     ORL  L21_norm_based_NMF  0.4  0.4  0.180556  0.007244  0.357693   
21     ORL  L21_norm_based_NMF  0.4  0.7  0.184444  0.010628  0.346617   
25     ORL  L21_norm_based_NMF  0.6  0.1  0.190556  0.003768  0.355258   
29     ORL  L21_norm_based_NMF  0.6  0.4  0.176667  0.008714  0.352854   
33     ORL  L21_norm_based_NMF  0.6  0.7  0.179444  0.007577  0.350090   
0      ORL         L2_norm_NMF  0.2  0.1  0.189444  0.007115  0.368879   
4      ORL         L2_norm_NMF  0.2  0.4  0.180000  0.005386  0.361946   
8      ORL         L2_norm_NMF  0.2  0.7  0.185556  0.005666  0.369787   
12     ORL         L2_norm_NMF  0.4  0.1  0.185556  0.006894  0.358109   
16     ORL         L2_norm_NMF  0.4  0.4  0.183889  0.005092  0.362034   
20     ORL         L2_norm_NMF  0.4  0.7  0.175556  0.006667  0.349386   
24     ORL         L2_norm_NMF  0.6  0.1  0.187778  0.005443  0.369569   
28     ORL         L2_norm_NMF  0.6  0.4  0.182222  0.008535  0.356390   
32     ORL         L2_norm_NMF  0.6  0.7  0.179444  0.010334  0.361150   
3    YaleB  L21_norm_based_NMF  0.2  0.1  0.082965  0.001804  0.089546   
7    YaleB  L21_norm_based_NMF  0.2  0.4  0.084346  0.001378  0.085588   
11   YaleB  L21_norm_based_NMF  0.2  0.7  0.083978  0.002429  0.085649   
15   YaleB  L21_norm_based_NMF  0.4  0.1  0.083517  0.002565  0.089606   
19   YaleB  L21_norm_based_NMF  0.4  0.4  0.084070  0.001945  0.084002   
23   YaleB  L21_norm_based_NMF  0.4  0.7  0.081676  0.002548  0.076522   
27   YaleB  L21_norm_based_NMF  0.6  0.1  0.085727  0.003812  0.091505   
31   YaleB  L21_norm_based_NMF  0.6  0.4  0.083610  0.001384  0.079362   
35   YaleB  L21_norm_based_NMF  0.6  0.7  0.081123  0.002026  0.069166   
2    YaleB         L2_norm_NMF  0.2  0.1  0.082965  0.001940  0.087173   
6    YaleB         L2_norm_NMF  0.2  0.4  0.083149  0.003171  0.084881   
10   YaleB         L2_norm_NMF  0.2  0.7  0.082689  0.000948  0.079135   
14   YaleB         L2_norm_NMF  0.4  0.1  0.086556  0.002348  0.093013   
18   YaleB         L2_norm_NMF  0.4  0.4  0.084438  0.001289  0.084722   
22   YaleB         L2_norm_NMF  0.4  0.7  0.086280  0.002132  0.085344   
26   YaleB         L2_norm_NMF  0.6  0.1  0.087017  0.001269  0.088043   
30   YaleB         L2_norm_NMF  0.6  0.4  0.084254  0.001932  0.080197   
34   YaleB         L2_norm_NMF  0.6  0.7  0.081768  0.003184  0.076155   

     nmi_std  
1   0.014752  
5   0.014811  
9   0.012485  
13  0.013843  
17  0.008814  
21  0.021181  
25  0.011681  
29  0.013384  
33  0.008557  
0   0.018274  
4   0.008574  
8   0.009144  
12  0.015020  
16  0.012278  
20  0.021498  
24  0.010273  
28  0.015434  
32  0.010556  
3   0.002822  
7   0.001351  
11  0.002934  
15  0.005158  
19  0.006475  
23  0.004015  
27  0.003857  
31  0.005191  
35  0.004908  
2   0.004618  
6   0.003973  
10  0.004913  
14  0.004487  
18  0.004592  
22  0.004115  
26  0.003625  
30  0.004847  
34  0.005210  
2025-10-07 00:29:58,374 - [RESULT] - 
Dataset ORL ACC Summary
2025-10-07 00:29:58,375 - [RESULT] -              pr  L2   L2_mean    L2_std  L21  L21_mean   L21_std
0  p=0.2, r=0.1  L2  0.189444  0.007115  L21  0.193333  0.008352
1  p=0.2, r=0.4  L2  0.180000  0.005386  L21  0.188333  0.010000
2  p=0.2, r=0.7  L2  0.185556  0.005666  L21  0.180000  0.003685
3  p=0.4, r=0.1  L2  0.185556  0.006894  L21  0.188333  0.007328
4  p=0.4, r=0.4  L2  0.183889  0.005092  L21  0.180556  0.007244
5  p=0.4, r=0.7  L2  0.175556  0.006667  L21  0.184444  0.010628
6  p=0.6, r=0.1  L2  0.187778  0.005443  L21  0.190556  0.003768
7  p=0.6, r=0.4  L2  0.182222  0.008535  L21  0.176667  0.008714
8  p=0.6, r=0.7  L2  0.179444  0.010334  L21  0.179444  0.007577
2025-10-07 00:29:58,379 - [RESULT] - 
Dataset ORL NMI Summary
2025-10-07 00:29:58,380 - [RESULT] -              pr  L2   L2_mean    L2_std  L21  L21_mean   L21_std
0  p=0.2, r=0.1  L2  0.368879  0.018274  L21  0.375511  0.014752
1  p=0.2, r=0.4  L2  0.361946  0.008574  L21  0.364057  0.014811
2  p=0.2, r=0.7  L2  0.369787  0.009144  L21  0.350706  0.012485
3  p=0.4, r=0.1  L2  0.358109  0.015020  L21  0.368670  0.013843
4  p=0.4, r=0.4  L2  0.362034  0.012278  L21  0.357693  0.008814
5  p=0.4, r=0.7  L2  0.349386  0.021498  L21  0.346617  0.021181
6  p=0.6, r=0.1  L2  0.369569  0.010273  L21  0.355258  0.011681
7  p=0.6, r=0.4  L2  0.356390  0.015434  L21  0.352854  0.013384
8  p=0.6, r=0.7  L2  0.361150  0.010556  L21  0.350090  0.008557
2025-10-07 00:29:58,383 - [RESULT] - 
Dataset YaleB ACC Summary
2025-10-07 00:29:58,384 - [RESULT] -              pr  L2   L2_mean    L2_std  L21  L21_mean   L21_std
0  p=0.2, r=0.1  L2  0.082965  0.001940  L21  0.082965  0.001804
1  p=0.2, r=0.4  L2  0.083149  0.003171  L21  0.084346  0.001378
2  p=0.2, r=0.7  L2  0.082689  0.000948  L21  0.083978  0.002429
3  p=0.4, r=0.1  L2  0.086556  0.002348  L21  0.083517  0.002565
4  p=0.4, r=0.4  L2  0.084438  0.001289  L21  0.084070  0.001945
5  p=0.4, r=0.7  L2  0.086280  0.002132  L21  0.081676  0.002548
6  p=0.6, r=0.1  L2  0.087017  0.001269  L21  0.085727  0.003812
7  p=0.6, r=0.4  L2  0.084254  0.001932  L21  0.083610  0.001384
8  p=0.6, r=0.7  L2  0.081768  0.003184  L21  0.081123  0.002026
2025-10-07 00:29:58,388 - [RESULT] - 
Dataset YaleB NMI Summary
2025-10-07 00:29:58,389 - [RESULT] -              pr  L2   L2_mean    L2_std  L21  L21_mean   L21_std
0  p=0.2, r=0.1  L2  0.087173  0.004618  L21  0.089546  0.002822
1  p=0.2, r=0.4  L2  0.084881  0.003973  L21  0.085588  0.001351
2  p=0.2, r=0.7  L2  0.079135  0.004913  L21  0.085649  0.002934
3  p=0.4, r=0.1  L2  0.093013  0.004487  L21  0.089606  0.005158
4  p=0.4, r=0.4  L2  0.084722  0.004592  L21  0.084002  0.006475
5  p=0.4, r=0.7  L2  0.085344  0.004115  L21  0.076522  0.004015
6  p=0.6, r=0.1  L2  0.088043  0.003625  L21  0.091505  0.003857
7  p=0.6, r=0.4  L2  0.080197  0.004847  L21  0.079362  0.005191
8  p=0.6, r=0.7  L2  0.076155  0.005210  L21  0.069166  0.004908
2025-10-07 00:29:58,674 - [RESULT] - acc_mean for dataset "ORL" using algorithm "L2_norm_NMF":
2025-10-07 00:29:58,675 - [RESULT] - r         0.1       0.4       0.7
p                                
0.2  0.189444  0.180000  0.185556
0.4  0.185556  0.183889  0.175556
0.6  0.187778  0.182222  0.179444
2025-10-07 00:29:58,675 - [RESULT] - acc_mean for dataset "ORL" using algorithm "L21_norm_based_NMF":
2025-10-07 00:29:58,677 - [RESULT] - r         0.1       0.4       0.7
p                                
0.2  0.193333  0.188333  0.180000
0.4  0.188333  0.180556  0.184444
0.6  0.190556  0.176667  0.179444
2025-10-07 00:29:58,677 - [RESULT] - acc_mean for dataset "YaleB" using algorithm "L2_norm_NMF":
2025-10-07 00:29:58,678 - [RESULT] - r         0.1       0.4       0.7
p                                
0.2  0.082965  0.083149  0.082689
0.4  0.086556  0.084438  0.086280
0.6  0.087017  0.084254  0.081768
2025-10-07 00:29:58,678 - [RESULT] - acc_mean for dataset "YaleB" using algorithm "L21_norm_based_NMF":
2025-10-07 00:29:58,680 - [RESULT] - r         0.1       0.4       0.7
p                                
0.2  0.082965  0.084346  0.083978
0.4  0.083517  0.084070  0.081676
0.6  0.085727  0.083610  0.081123
2025-10-07 00:29:58,680 - [RESULT] - acc_std for dataset "ORL" using algorithm "L2_norm_NMF":
2025-10-07 00:29:58,681 - [RESULT] - r         0.1       0.4       0.7
p                                
0.2  0.007115  0.005386  0.005666
0.4  0.006894  0.005092  0.006667
0.6  0.005443  0.008535  0.010334
2025-10-07 00:29:58,681 - [RESULT] - acc_std for dataset "ORL" using algorithm "L21_norm_based_NMF":
2025-10-07 00:29:58,682 - [RESULT] - r         0.1       0.4       0.7
p                                
0.2  0.008352  0.010000  0.003685
0.4  0.007328  0.007244  0.010628
0.6  0.003768  0.008714  0.007577
2025-10-07 00:29:58,682 - [RESULT] - acc_std for dataset "YaleB" using algorithm "L2_norm_NMF":
2025-10-07 00:29:58,684 - [RESULT] - r         0.1       0.4       0.7
p                                
0.2  0.001940  0.003171  0.000948
0.4  0.002348  0.001289  0.002132
0.6  0.001269  0.001932  0.003184
2025-10-07 00:29:58,684 - [RESULT] - acc_std for dataset "YaleB" using algorithm "L21_norm_based_NMF":
2025-10-07 00:29:58,685 - [RESULT] - r         0.1       0.4       0.7
p                                
0.2  0.001804  0.001378  0.002429
0.4  0.002565  0.001945  0.002548
0.6  0.003812  0.001384  0.002026
2025-10-07 00:29:58,685 - [RESULT] - nmi_mean for dataset "ORL" using algorithm "L2_norm_NMF":
2025-10-07 00:29:58,686 - [RESULT] - r         0.1       0.4       0.7
p                                
0.2  0.368879  0.361946  0.369787
0.4  0.358109  0.362034  0.349386
0.6  0.369569  0.356390  0.361150
2025-10-07 00:29:58,686 - [RESULT] - nmi_mean for dataset "ORL" using algorithm "L21_norm_based_NMF":
2025-10-07 00:29:58,687 - [RESULT] - r         0.1       0.4       0.7
p                                
0.2  0.375511  0.364057  0.350706
0.4  0.368670  0.357693  0.346617
0.6  0.355258  0.352854  0.350090
2025-10-07 00:29:58,687 - [RESULT] - nmi_mean for dataset "YaleB" using algorithm "L2_norm_NMF":
2025-10-07 00:29:58,689 - [RESULT] - r         0.1       0.4       0.7
p                                
0.2  0.087173  0.084881  0.079135
0.4  0.093013  0.084722  0.085344
0.6  0.088043  0.080197  0.076155
2025-10-07 00:29:58,689 - [RESULT] - nmi_mean for dataset "YaleB" using algorithm "L21_norm_based_NMF":
2025-10-07 00:29:58,690 - [RESULT] - r         0.1       0.4       0.7
p                                
0.2  0.089546  0.085588  0.085649
0.4  0.089606  0.084002  0.076522
0.6  0.091505  0.079362  0.069166
2025-10-07 00:29:58,690 - [RESULT] - nmi_std for dataset "ORL" using algorithm "L2_norm_NMF":
2025-10-07 00:29:58,691 - [RESULT] - r         0.1       0.4       0.7
p                                
0.2  0.018274  0.008574  0.009144
0.4  0.015020  0.012278  0.021498
0.6  0.010273  0.015434  0.010556
2025-10-07 00:29:58,691 - [RESULT] - nmi_std for dataset "ORL" using algorithm "L21_norm_based_NMF":
2025-10-07 00:29:58,692 - [RESULT] - r         0.1       0.4       0.7
p                                
0.2  0.014752  0.014811  0.012485
0.4  0.013843  0.008814  0.021181
0.6  0.011681  0.013384  0.008557
2025-10-07 00:29:58,692 - [RESULT] - nmi_std for dataset "YaleB" using algorithm "L2_norm_NMF":
2025-10-07 00:29:58,693 - [RESULT] - r         0.1       0.4       0.7
p                                
0.2  0.004618  0.003973  0.004913
0.4  0.004487  0.004592  0.004115
0.6  0.003625  0.004847  0.005210
2025-10-07 00:29:58,693 - [RESULT] - nmi_std for dataset "YaleB" using algorithm "L21_norm_based_NMF":
2025-10-07 00:29:58,694 - [RESULT] - r         0.1       0.4       0.7
p                                
0.2  0.002822  0.001351  0.002934
0.4  0.005158  0.006475  0.004015
0.6  0.003857  0.005191  0.004908
2025-10-07 00:29:56,729 - [RESULT] - RRE Results:
2025-10-07 00:29:56,734 - [RESULT] -    dataset          nmf_method    p    r  rre_mean   rre_std
0      ORL         L2_norm_NMF  0.2  0.1  0.324517  0.000599
1      ORL  L21_norm_based_NMF  0.2  0.1  0.324328  0.000609
2    YaleB         L2_norm_NMF  0.2  0.1  0.543642  0.000935
3    YaleB  L21_norm_based_NMF  0.2  0.1  0.543753  0.000940
4      ORL         L2_norm_NMF  0.2  0.4  0.292409  0.000620
5      ORL  L21_norm_based_NMF  0.2  0.4  0.292318  0.000645
6    YaleB         L2_norm_NMF  0.2  0.4  0.540292  0.000987
7    YaleB  L21_norm_based_NMF  0.2  0.4  0.540174  0.000998
8      ORL         L2_norm_NMF  0.2  0.7  0.310911  0.000507
9      ORL  L21_norm_based_NMF  0.2  0.7  0.310949  0.000537
10   YaleB         L2_norm_NMF  0.2  0.7  0.584616  0.001137
11   YaleB  L21_norm_based_NMF  0.2  0.7  0.584130  0.001153
12     ORL         L2_norm_NMF  0.4  0.1  0.418424  0.000442
13     ORL  L21_norm_based_NMF  0.4  0.1  0.418138  0.000459
14   YaleB         L2_norm_NMF  0.4  0.1  0.584984  0.000669
15   YaleB  L21_norm_based_NMF  0.4  0.1  0.585139  0.000673
16     ORL         L2_norm_NMF  0.4  0.4  0.309601  0.000584
17     ORL  L21_norm_based_NMF  0.4  0.4  0.309477  0.000618
18   YaleB         L2_norm_NMF  0.4  0.4  0.572458  0.000969
19   YaleB  L21_norm_based_NMF  0.4  0.4  0.572315  0.000977
20     ORL         L2_norm_NMF  0.4  0.7  0.376254  0.000993
21     ORL  L21_norm_based_NMF  0.4  0.7  0.376341  0.001047
22   YaleB         L2_norm_NMF  0.4  0.7  0.725151  0.001525
23   YaleB  L21_norm_based_NMF  0.4  0.7  0.724612  0.001533
24     ORL         L2_norm_NMF  0.6  0.1  0.537939  0.000564
25     ORL  L21_norm_based_NMF  0.6  0.1  0.537536  0.000552
26   YaleB         L2_norm_NMF  0.6  0.1  0.648670  0.000446
27   YaleB  L21_norm_based_NMF  0.6  0.1  0.648860  0.000444
28     ORL         L2_norm_NMF  0.6  0.4  0.336058  0.000474
29     ORL  L21_norm_based_NMF  0.6  0.4  0.335883  0.000522
30   YaleB         L2_norm_NMF  0.6  0.4  0.621847  0.001035
31   YaleB  L21_norm_based_NMF  0.6  0.4  0.621766  0.001046
32     ORL         L2_norm_NMF  0.6  0.7  0.463696  0.001401
33     ORL  L21_norm_based_NMF  0.6  0.7  0.463822  0.001431
34   YaleB         L2_norm_NMF  0.6  0.7  0.911846  0.002028
35   YaleB  L21_norm_based_NMF  0.6  0.7  0.911566  0.002040
2025-10-07 00:29:56,753 - [RESULT] - Dataset ORL RRE Summary
2025-10-07 00:29:56,755 - [RESULT] -              pr  L2   L2_mean    L2_std  L21  L21_mean   L21_std
0  p=0.2, r=0.1  L2  0.324517  0.000599  L21  0.324328  0.000609
1  p=0.2, r=0.4  L2  0.292409  0.000620  L21  0.292318  0.000645
2  p=0.2, r=0.7  L2  0.310911  0.000507  L21  0.310949  0.000537
3  p=0.4, r=0.1  L2  0.418424  0.000442  L21  0.418138  0.000459
4  p=0.4, r=0.4  L2  0.309601  0.000584  L21  0.309477  0.000618
5  p=0.4, r=0.7  L2  0.376254  0.000993  L21  0.376341  0.001047
6  p=0.6, r=0.1  L2  0.537939  0.000564  L21  0.537536  0.000552
7  p=0.6, r=0.4  L2  0.336058  0.000474  L21  0.335883  0.000522
8  p=0.6, r=0.7  L2  0.463696  0.001401  L21  0.463822  0.001431
2025-10-07 00:29:56,782 - [RESULT] - Dataset YaleB RRE Summary
2025-10-07 00:29:56,784 - [RESULT] -              pr  L2   L2_mean    L2_std  L21  L21_mean   L21_std
0  p=0.2, r=0.1  L2  0.543642  0.000935  L21  0.543753  0.000940
1  p=0.2, r=0.4  L2  0.540292  0.000987  L21  0.540174  0.000998
2  p=0.2, r=0.7  L2  0.584616  0.001137  L21  0.584130  0.001153
3  p=0.4, r=0.1  L2  0.584984  0.000669  L21  0.585139  0.000673
4  p=0.4, r=0.4  L2  0.572458  0.000969  L21  0.572315  0.000977
5  p=0.4, r=0.7  L2  0.725151  0.001525  L21  0.724612  0.001533
6  p=0.6, r=0.1  L2  0.648670  0.000446  L21  0.648860  0.000444
7  p=0.6, r=0.4  L2  0.621847  0.001035  L21  0.621766  0.001046
8  p=0.6, r=0.7  L2  0.911846  0.002028  L21  0.911566  0.002040
2025-10-07 00:29:56,987 - [RESULT] - RRE rre_mean for dataset "ORL" using algorithm "L2_norm_NMF":
2025-10-07 00:29:56,988 - [RESULT] - r         0.1       0.4       0.7
p                                
0.2  0.324517  0.292409  0.310911
0.4  0.418424  0.309601  0.376254
0.6  0.537939  0.336058  0.463696
2025-10-07 00:29:56,988 - [RESULT] - RRE rre_mean for dataset "ORL" using algorithm "L21_norm_based_NMF":
2025-10-07 00:29:56,990 - [RESULT] - r         0.1       0.4       0.7
p                                
0.2  0.324328  0.292318  0.310949
0.4  0.418138  0.309477  0.376341
0.6  0.537536  0.335883  0.463822
2025-10-07 00:29:56,990 - [RESULT] - RRE rre_mean for dataset "YaleB" using algorithm "L2_norm_NMF":
2025-10-07 00:29:56,991 - [RESULT] - r         0.1       0.4       0.7
p                                
0.2  0.543642  0.540292  0.584616
0.4  0.584984  0.572458  0.725151
0.6  0.648670  0.621847  0.911846
2025-10-07 00:29:56,991 - [RESULT] - RRE rre_mean for dataset "YaleB" using algorithm "L21_norm_based_NMF":
2025-10-07 00:29:56,993 - [RESULT] - r         0.1       0.4       0.7
p                                
0.2  0.543753  0.540174  0.584130
0.4  0.585139  0.572315  0.724612
0.6  0.648860  0.621766  0.911566
2025-10-07 00:29:56,993 - [RESULT] - RRE rre_std for dataset "ORL" using algorithm "L2_norm_NMF":
2025-10-07 00:29:56,994 - [RESULT] - r         0.1       0.4       0.7
p                                
0.2  0.000599  0.000620  0.000507
0.4  0.000442  0.000584  0.000993
0.6  0.000564  0.000474  0.001401
2025-10-07 00:29:56,994 - [RESULT] - RRE rre_std for dataset "ORL" using algorithm "L21_norm_based_NMF":
2025-10-07 00:29:56,995 - [RESULT] - r         0.1       0.4       0.7
p                                
0.2  0.000609  0.000645  0.000537
0.4  0.000459  0.000618  0.001047
0.6  0.000552  0.000522  0.001431
2025-10-07 00:29:56,995 - [RESULT] - RRE rre_std for dataset "YaleB" using algorithm "L2_norm_NMF":
2025-10-07 00:29:56,996 - [RESULT] - r         0.1       0.4       0.7
p                                
0.2  0.000935  0.000987  0.001137
0.4  0.000669  0.000969  0.001525
0.6  0.000446  0.001035  0.002028
2025-10-07 00:29:56,996 - [RESULT] - RRE rre_std for dataset "YaleB" using algorithm "L21_norm_based_NMF":
2025-10-07 00:29:56,997 - [RESULT] - r         0.1       0.4       0.7
p                                
0.2  0.000940  0.000998  0.001153
0.4  0.000673  0.000977  0.001533
0.6  0.000444  0.001046  0.002040
2025-10-07 00:29:58,361 - [RESULT] - 
Results for ACC and NMI
2025-10-07 00:29:58,363 - [RESULT] -    dataset          nmf_method    p    r  acc_mean   acc_std  nmi_mean  \
1      ORL  L21_norm_based_NMF  0.2  0.1  0.193333  0.008352  0.375511   
5      ORL  L21_norm_based_NMF  0.2  0.4  0.188333  0.010000  0.364057   
9      ORL  L21_norm_based_NMF  0.2  0.7  0.180000  0.003685  0.350706   
13     ORL  L21_norm_based_NMF  0.4  0.1  0.188333  0.007328  0.368670   
17     ORL  L21_norm_based_NMF  0.4  0.4  0.180556  0.007244  0.357693   
21     ORL  L21_norm_based_NMF  0.4  0.7  0.184444  0.010628  0.346617   
25     ORL  L21_norm_based_NMF  0.6  0.1  0.190556  0.003768  0.355258   
29     ORL  L21_norm_based_NMF  0.6  0.4  0.176667  0.008714  0.352854   
33     ORL  L21_norm_based_NMF  0.6  0.7  0.179444  0.007577  0.350090   
0      ORL         L2_norm_NMF  0.2  0.1  0.189444  0.007115  0.368879   
4      ORL         L2_norm_NMF  0.2  0.4  0.180000  0.005386  0.361946   
8      ORL         L2_norm_NMF  0.2  0.7  0.185556  0.005666  0.369787   
12     ORL         L2_norm_NMF  0.4  0.1  0.185556  0.006894  0.358109   
16     ORL         L2_norm_NMF  0.4  0.4  0.183889  0.005092  0.362034   
20     ORL         L2_norm_NMF  0.4  0.7  0.175556  0.006667  0.349386   
24     ORL         L2_norm_NMF  0.6  0.1  0.187778  0.005443  0.369569   
28     ORL         L2_norm_NMF  0.6  0.4  0.182222  0.008535  0.356390   
32     ORL         L2_norm_NMF  0.6  0.7  0.179444  0.010334  0.361150   
3    YaleB  L21_norm_based_NMF  0.2  0.1  0.082965  0.001804  0.089546   
7    YaleB  L21_norm_based_NMF  0.2  0.4  0.084346  0.001378  0.085588   
11   YaleB  L21_norm_based_NMF  0.2  0.7  0.083978  0.002429  0.085649   
15   YaleB  L21_norm_based_NMF  0.4  0.1  0.083517  0.002565  0.089606   
19   YaleB  L21_norm_based_NMF  0.4  0.4  0.084070  0.001945  0.084002   
23   YaleB  L21_norm_based_NMF  0.4  0.7  0.081676  0.002548  0.076522   
27   YaleB  L21_norm_based_NMF  0.6  0.1  0.085727  0.003812  0.091505   
31   YaleB  L21_norm_based_NMF  0.6  0.4  0.083610  0.001384  0.079362   
35   YaleB  L21_norm_based_NMF  0.6  0.7  0.081123  0.002026  0.069166   
2    YaleB         L2_norm_NMF  0.2  0.1  0.082965  0.001940  0.087173   
6    YaleB         L2_norm_NMF  0.2  0.4  0.083149  0.003171  0.084881   
10   YaleB         L2_norm_NMF  0.2  0.7  0.082689  0.000948  0.079135   
14   YaleB         L2_norm_NMF  0.4  0.1  0.086556  0.002348  0.093013   
18   YaleB         L2_norm_NMF  0.4  0.4  0.084438  0.001289  0.084722   
22   YaleB         L2_norm_NMF  0.4  0.7  0.086280  0.002132  0.085344   
26   YaleB         L2_norm_NMF  0.6  0.1  0.087017  0.001269  0.088043   
30   YaleB         L2_norm_NMF  0.6  0.4  0.084254  0.001932  0.080197   
34   YaleB         L2_norm_NMF  0.6  0.7  0.081768  0.003184  0.076155   

     nmi_std  
1   0.014752  
5   0.014811  
9   0.012485  
13  0.013843  
17  0.008814  
21  0.021181  
25  0.011681  
29  0.013384  
33  0.008557  
0   0.018274  
4   0.008574  
8   0.009144  
12  0.015020  
16  0.012278  
20  0.021498  
24  0.010273  
28  0.015434  
32  0.010556  
3   0.002822  
7   0.001351  
11  0.002934  
15  0.005158  
19  0.006475  
23  0.004015  
27  0.003857  
31  0.005191  
35  0.004908  
2   0.004618  
6   0.003973  
10  0.004913  
14  0.004487  
18  0.004592  
22  0.004115  
26  0.003625  
30  0.004847  
34  0.005210  
2025-10-07 00:29:58,374 - [RESULT] - 
Dataset ORL ACC Summary
2025-10-07 00:29:58,375 - [RESULT] -              pr  L2   L2_mean    L2_std  L21  L21_mean   L21_std
0  p=0.2, r=0.1  L2  0.189444  0.007115  L21  0.193333  0.008352
1  p=0.2, r=0.4  L2  0.180000  0.005386  L21  0.188333  0.010000
2  p=0.2, r=0.7  L2  0.185556  0.005666  L21  0.180000  0.003685
3  p=0.4, r=0.1  L2  0.185556  0.006894  L21  0.188333  0.007328
4  p=0.4, r=0.4  L2  0.183889  0.005092  L21  0.180556  0.007244
5  p=0.4, r=0.7  L2  0.175556  0.006667  L21  0.184444  0.010628
6  p=0.6, r=0.1  L2  0.187778  0.005443  L21  0.190556  0.003768
7  p=0.6, r=0.4  L2  0.182222  0.008535  L21  0.176667  0.008714
8  p=0.6, r=0.7  L2  0.179444  0.010334  L21  0.179444  0.007577
2025-10-07 00:29:58,379 - [RESULT] - 
Dataset ORL NMI Summary
2025-10-07 00:29:58,380 - [RESULT] -              pr  L2   L2_mean    L2_std  L21  L21_mean   L21_std
0  p=0.2, r=0.1  L2  0.368879  0.018274  L21  0.375511  0.014752
1  p=0.2, r=0.4  L2  0.361946  0.008574  L21  0.364057  0.014811
2  p=0.2, r=0.7  L2  0.369787  0.009144  L21  0.350706  0.012485
3  p=0.4, r=0.1  L2  0.358109  0.015020  L21  0.368670  0.013843
4  p=0.4, r=0.4  L2  0.362034  0.012278  L21  0.357693  0.008814
5  p=0.4, r=0.7  L2  0.349386  0.021498  L21  0.346617  0.021181
6  p=0.6, r=0.1  L2  0.369569  0.010273  L21  0.355258  0.011681
7  p=0.6, r=0.4  L2  0.356390  0.015434  L21  0.352854  0.013384
8  p=0.6, r=0.7  L2  0.361150  0.010556  L21  0.350090  0.008557
2025-10-07 00:29:58,383 - [RESULT] - 
Dataset YaleB ACC Summary
2025-10-07 00:29:58,384 - [RESULT] -              pr  L2   L2_mean    L2_std  L21  L21_mean   L21_std
0  p=0.2, r=0.1  L2  0.082965  0.001940  L21  0.082965  0.001804
1  p=0.2, r=0.4  L2  0.083149  0.003171  L21  0.084346  0.001378
2  p=0.2, r=0.7  L2  0.082689  0.000948  L21  0.083978  0.002429
3  p=0.4, r=0.1  L2  0.086556  0.002348  L21  0.083517  0.002565
4  p=0.4, r=0.4  L2  0.084438  0.001289  L21  0.084070  0.001945
5  p=0.4, r=0.7  L2  0.086280  0.002132  L21  0.081676  0.002548
6  p=0.6, r=0.1  L2  0.087017  0.001269  L21  0.085727  0.003812
7  p=0.6, r=0.4  L2  0.084254  0.001932  L21  0.083610  0.001384
8  p=0.6, r=0.7  L2  0.081768  0.003184  L21  0.081123  0.002026
2025-10-07 00:29:58,388 - [RESULT] - 
Dataset YaleB NMI Summary
2025-10-07 00:29:58,389 - [RESULT] -              pr  L2   L2_mean    L2_std  L21  L21_mean   L21_std
0  p=0.2, r=0.1  L2  0.087173  0.004618  L21  0.089546  0.002822
1  p=0.2, r=0.4  L2  0.084881  0.003973  L21  0.085588  0.001351
2  p=0.2, r=0.7  L2  0.079135  0.004913  L21  0.085649  0.002934
3  p=0.4, r=0.1  L2  0.093013  0.004487  L21  0.089606  0.005158
4  p=0.4, r=0.4  L2  0.084722  0.004592  L21  0.084002  0.006475
5  p=0.4, r=0.7  L2  0.085344  0.004115  L21  0.076522  0.004015
6  p=0.6, r=0.1  L2  0.088043  0.003625  L21  0.091505  0.003857
7  p=0.6, r=0.4  L2  0.080197  0.004847  L21  0.079362  0.005191
8  p=0.6, r=0.7  L2  0.076155  0.005210  L21  0.069166  0.004908
2025-10-07 00:29:58,674 - [RESULT] - acc_mean for dataset "ORL" using algorithm "L2_norm_NMF":
2025-10-07 00:29:58,675 - [RESULT] - r         0.1       0.4       0.7
p                                
0.2  0.189444  0.180000  0.185556
0.4  0.185556  0.183889  0.175556
0.6  0.187778  0.182222  0.179444
2025-10-07 00:29:58,675 - [RESULT] - acc_mean for dataset "ORL" using algorithm "L21_norm_based_NMF":
2025-10-07 00:29:58,677 - [RESULT] - r         0.1       0.4       0.7
p                                
0.2  0.193333  0.188333  0.180000
0.4  0.188333  0.180556  0.184444
0.6  0.190556  0.176667  0.179444
2025-10-07 00:29:58,677 - [RESULT] - acc_mean for dataset "YaleB" using algorithm "L2_norm_NMF":
2025-10-07 00:29:58,678 - [RESULT] - r         0.1       0.4       0.7
p                                
0.2  0.082965  0.083149  0.082689
0.4  0.086556  0.084438  0.086280
0.6  0.087017  0.084254  0.081768
2025-10-07 00:29:58,678 - [RESULT] - acc_mean for dataset "YaleB" using algorithm "L21_norm_based_NMF":
2025-10-07 00:29:58,680 - [RESULT] - r         0.1       0.4       0.7
p                                
0.2  0.082965  0.084346  0.083978
0.4  0.083517  0.084070  0.081676
0.6  0.085727  0.083610  0.081123
2025-10-07 00:29:58,680 - [RESULT] - acc_std for dataset "ORL" using algorithm "L2_norm_NMF":
2025-10-07 00:29:58,681 - [RESULT] - r         0.1       0.4       0.7
p                                
0.2  0.007115  0.005386  0.005666
0.4  0.006894  0.005092  0.006667
0.6  0.005443  0.008535  0.010334
2025-10-07 00:29:58,681 - [RESULT] - acc_std for dataset "ORL" using algorithm "L21_norm_based_NMF":
2025-10-07 00:29:58,682 - [RESULT] - r         0.1       0.4       0.7
p                                
0.2  0.008352  0.010000  0.003685
0.4  0.007328  0.007244  0.010628
0.6  0.003768  0.008714  0.007577
2025-10-07 00:29:58,682 - [RESULT] - acc_std for dataset "YaleB" using algorithm "L2_norm_NMF":
2025-10-07 00:29:58,684 - [RESULT] - r         0.1       0.4       0.7
p                                
0.2  0.001940  0.003171  0.000948
0.4  0.002348  0.001289  0.002132
0.6  0.001269  0.001932  0.003184
2025-10-07 00:29:58,684 - [RESULT] - acc_std for dataset "YaleB" using algorithm "L21_norm_based_NMF":
2025-10-07 00:29:58,685 - [RESULT] - r         0.1       0.4       0.7
p                                
0.2  0.001804  0.001378  0.002429
0.4  0.002565  0.001945  0.002548
0.6  0.003812  0.001384  0.002026
2025-10-07 00:29:58,685 - [RESULT] - nmi_mean for dataset "ORL" using algorithm "L2_norm_NMF":
2025-10-07 00:29:58,686 - [RESULT] - r         0.1       0.4       0.7
p                                
0.2  0.368879  0.361946  0.369787
0.4  0.358109  0.362034  0.349386
0.6  0.369569  0.356390  0.361150
2025-10-07 00:29:58,686 - [RESULT] - nmi_mean for dataset "ORL" using algorithm "L21_norm_based_NMF":
2025-10-07 00:29:58,687 - [RESULT] - r         0.1       0.4       0.7
p                                
0.2  0.375511  0.364057  0.350706
0.4  0.368670  0.357693  0.346617
0.6  0.355258  0.352854  0.350090
2025-10-07 00:29:58,687 - [RESULT] - nmi_mean for dataset "YaleB" using algorithm "L2_norm_NMF":
2025-10-07 00:29:58,689 - [RESULT] - r         0.1       0.4       0.7
p                                
0.2  0.087173  0.084881  0.079135
0.4  0.093013  0.084722  0.085344
0.6  0.088043  0.080197  0.076155
2025-10-07 00:29:58,689 - [RESULT] - nmi_mean for dataset "YaleB" using algorithm "L21_norm_based_NMF":
2025-10-07 00:29:58,690 - [RESULT] - r         0.1       0.4       0.7
p                                
0.2  0.089546  0.085588  0.085649
0.4  0.089606  0.084002  0.076522
0.6  0.091505  0.079362  0.069166
2025-10-07 00:29:58,690 - [RESULT] - nmi_std for dataset "ORL" using algorithm "L2_norm_NMF":
2025-10-07 00:29:58,691 - [RESULT] - r         0.1       0.4       0.7
p                                
0.2  0.018274  0.008574  0.009144
0.4  0.015020  0.012278  0.021498
0.6  0.010273  0.015434  0.010556
2025-10-07 00:29:58,691 - [RESULT] - nmi_std for dataset "ORL" using algorithm "L21_norm_based_NMF":
2025-10-07 00:29:58,692 - [RESULT] - r         0.1       0.4       0.7
p                                
0.2  0.014752  0.014811  0.012485
0.4  0.013843  0.008814  0.021181
0.6  0.011681  0.013384  0.008557
2025-10-07 00:29:58,692 - [RESULT] - nmi_std for dataset "YaleB" using algorithm "L2_norm_NMF":
2025-10-07 00:29:58,693 - [RESULT] - r         0.1       0.4       0.7
p                                
0.2  0.004618  0.003973  0.004913
0.4  0.004487  0.004592  0.004115
0.6  0.003625  0.004847  0.005210
2025-10-07 00:29:58,693 - [RESULT] - nmi_std for dataset "YaleB" using algorithm "L21_norm_based_NMF":
2025-10-07 00:29:58,694 - [RESULT] - r         0.1       0.4       0.7
p                                
0.2  0.002822  0.001351  0.002934
0.4  0.005158  0.006475  0.004015
0.6  0.003857  0.005191  0.004908
